<?xml version="1.0" encoding="UTF-8"?>
<testsuite xmlns:xsi="http://www.w3.org/2001/XMLSchema-instance" xsi:noNamespaceSchemaLocation="https://maven.apache.org/surefire/maven-surefire-plugin/xsd/surefire-test-report-3.0.xsd" version="3.0" name="runner.testRunner" time="7.262" tests="27" errors="0" skipped="0" failures="0">
  <properties>
    <property name="sun.desktop" value="windows"/>
    <property name="awt.toolkit" value="sun.awt.windows.WToolkit"/>
    <property name="file.encoding.pkg" value="sun.io"/>
    <property name="java.specification.version" value="1.8"/>
    <property name="sun.cpu.isalist" value="amd64"/>
    <property name="sun.jnu.encoding" value="Cp1252"/>
    <property name="java.class.path" value="C:\Users\ishuvir.singh\eclipse-workspace\restassured-cucumber-assignment\target\test-classes;C:\Users\ishuvir.singh\eclipse-workspace\restassured-cucumber-assignment\target\classes;C:\Users\ishuvir.singh\.m2\repository\info\cukes\cucumber-junit\1.2.5\cucumber-junit-1.2.5.jar;C:\Users\ishuvir.singh\.m2\repository\info\cukes\cucumber-core\1.2.5\cucumber-core-1.2.5.jar;C:\Users\ishuvir.singh\.m2\repository\info\cukes\cucumber-html\0.2.3\cucumber-html-0.2.3.jar;C:\Users\ishuvir.singh\.m2\repository\com\aventstack\extentreports\3.0.2\extentreports-3.0.2.jar;C:\Users\ishuvir.singh\.m2\repository\org\freemarker\freemarker\2.3.23\freemarker-2.3.23.jar;C:\Users\ishuvir.singh\.m2\repository\org\mongodb\mongodb-driver\3.3.0\mongodb-driver-3.3.0.jar;C:\Users\ishuvir.singh\.m2\repository\org\mongodb\bson\3.3.0\bson-3.3.0.jar;C:\Users\ishuvir.singh\.m2\repository\org\mongodb\mongodb-driver-core\3.3.0\mongodb-driver-core-3.3.0.jar;C:\Users\ishuvir.singh\.m2\repository\org\apache\httpcomponents\httpclient\4.5.2\httpclient-4.5.2.jar;C:\Users\ishuvir.singh\.m2\repository\org\apache\httpcomponents\httpcore\4.4.4\httpcore-4.4.4.jar;C:\Users\ishuvir.singh\.m2\repository\commons-logging\commons-logging\1.2\commons-logging-1.2.jar;C:\Users\ishuvir.singh\.m2\repository\commons-codec\commons-codec\1.9\commons-codec-1.9.jar;C:\Users\ishuvir.singh\.m2\repository\org\apache\httpcomponents\httpmime\4.5.2\httpmime-4.5.2.jar;C:\Users\ishuvir.singh\.m2\repository\org\jsoup\jsoup\1.9.2\jsoup-1.9.2.jar;C:\Users\ishuvir.singh\.m2\repository\com\vimalselvam\cucumber-extentsreport\2.0.1\cucumber-extentsreport-2.0.1.jar;C:\Users\ishuvir.singh\.m2\repository\com\relevantcodes\extentreports\2.41.2\extentreports-2.41.2.jar;C:\Users\ishuvir.singh\.m2\repository\org\xerial\sqlite-jdbc\3.8.11.1\sqlite-jdbc-3.8.11.1.jar;C:\Users\ishuvir.singh\.m2\repository\info\cukes\cucumber-java\1.2.5\cucumber-java-1.2.5.jar;C:\Users\ishuvir.singh\.m2\repository\info\cukes\cucumber-picocontainer\1.2.5\cucumber-picocontainer-1.2.5.jar;C:\Users\ishuvir.singh\.m2\repository\info\cukes\cucumber-jvm-deps\1.0.5\cucumber-jvm-deps-1.0.5.jar;C:\Users\ishuvir.singh\.m2\repository\info\cukes\gherkin\2.12.2\gherkin-2.12.2.jar;C:\Users\ishuvir.singh\.m2\repository\org\picocontainer\picocontainer\2.15\picocontainer-2.15.jar;C:\Users\ishuvir.singh\.m2\repository\io\rest-assured\rest-assured\4.4.0\rest-assured-4.4.0.jar;C:\Users\ishuvir.singh\.m2\repository\org\codehaus\groovy\groovy\3.0.8\groovy-3.0.8.jar;C:\Users\ishuvir.singh\.m2\repository\org\codehaus\groovy\groovy-xml\3.0.8\groovy-xml-3.0.8.jar;C:\Users\ishuvir.singh\.m2\repository\org\hamcrest\hamcrest\2.1\hamcrest-2.1.jar;C:\Users\ishuvir.singh\.m2\repository\org\ccil\cowan\tagsoup\tagsoup\1.2.1\tagsoup-1.2.1.jar;C:\Users\ishuvir.singh\.m2\repository\io\rest-assured\json-path\4.4.0\json-path-4.4.0.jar;C:\Users\ishuvir.singh\.m2\repository\org\codehaus\groovy\groovy-json\3.0.8\groovy-json-3.0.8.jar;C:\Users\ishuvir.singh\.m2\repository\io\rest-assured\rest-assured-common\4.4.0\rest-assured-common-4.4.0.jar;C:\Users\ishuvir.singh\.m2\repository\io\rest-assured\xml-path\4.4.0\xml-path-4.4.0.jar;C:\Users\ishuvir.singh\.m2\repository\org\apache\commons\commons-lang3\3.11\commons-lang3-3.11.jar;C:\Users\ishuvir.singh\.m2\repository\jakarta\xml\bind\jakarta.xml.bind-api\2.3.3\jakarta.xml.bind-api-2.3.3.jar;C:\Users\ishuvir.singh\.m2\repository\jakarta\activation\jakarta.activation-api\1.2.2\jakarta.activation-api-1.2.2.jar;C:\Users\ishuvir.singh\.m2\repository\com\sun\xml\bind\jaxb-impl\2.3.3\jaxb-impl-2.3.3.jar;C:\Users\ishuvir.singh\.m2\repository\org\json\json\20210307\json-20210307.jar;C:\Users\ishuvir.singh\.m2\repository\log4j\log4j\1.2.17\log4j-1.2.17.jar;C:\Users\ishuvir.singh\.m2\repository\junit\junit\4.13.2\junit-4.13.2.jar;C:\Users\ishuvir.singh\.m2\repository\org\hamcrest\hamcrest-core\1.3\hamcrest-core-1.3.jar;"/>
    <property name="java.vm.vendor" value="Oracle Corporation"/>
    <property name="sun.arch.data.model" value="64"/>
    <property name="user.variant" value=""/>
    <property name="java.vendor.url" value="http://java.oracle.com/"/>
    <property name="user.timezone" value="Europe/Berlin"/>
    <property name="java.vm.specification.version" value="1.8"/>
    <property name="os.name" value="Windows 10"/>
    <property name="user.country" value="US"/>
    <property name="sun.java.launcher" value="SUN_STANDARD"/>
    <property name="sun.boot.library.path" value="C:\Program Files\Java\jdk1.8.0_171\jre\bin"/>
    <property name="sun.java.command" value="C:\Users\ishuvir.singh\AppData\Local\Temp\surefire480071750370846192\surefirebooter9020243762468263460.jar C:\Users\ishuvir.singh\AppData\Local\Temp\surefire480071750370846192 2021-10-09T17-02-59_887-jvmRun1 surefire4672024284783107644tmp surefire_03142980937030322913tmp"/>
    <property name="surefire.test.class.path" value="C:\Users\ishuvir.singh\eclipse-workspace\restassured-cucumber-assignment\target\test-classes;C:\Users\ishuvir.singh\eclipse-workspace\restassured-cucumber-assignment\target\classes;C:\Users\ishuvir.singh\.m2\repository\info\cukes\cucumber-junit\1.2.5\cucumber-junit-1.2.5.jar;C:\Users\ishuvir.singh\.m2\repository\info\cukes\cucumber-core\1.2.5\cucumber-core-1.2.5.jar;C:\Users\ishuvir.singh\.m2\repository\info\cukes\cucumber-html\0.2.3\cucumber-html-0.2.3.jar;C:\Users\ishuvir.singh\.m2\repository\com\aventstack\extentreports\3.0.2\extentreports-3.0.2.jar;C:\Users\ishuvir.singh\.m2\repository\org\freemarker\freemarker\2.3.23\freemarker-2.3.23.jar;C:\Users\ishuvir.singh\.m2\repository\org\mongodb\mongodb-driver\3.3.0\mongodb-driver-3.3.0.jar;C:\Users\ishuvir.singh\.m2\repository\org\mongodb\bson\3.3.0\bson-3.3.0.jar;C:\Users\ishuvir.singh\.m2\repository\org\mongodb\mongodb-driver-core\3.3.0\mongodb-driver-core-3.3.0.jar;C:\Users\ishuvir.singh\.m2\repository\org\apache\httpcomponents\httpclient\4.5.2\httpclient-4.5.2.jar;C:\Users\ishuvir.singh\.m2\repository\org\apache\httpcomponents\httpcore\4.4.4\httpcore-4.4.4.jar;C:\Users\ishuvir.singh\.m2\repository\commons-logging\commons-logging\1.2\commons-logging-1.2.jar;C:\Users\ishuvir.singh\.m2\repository\commons-codec\commons-codec\1.9\commons-codec-1.9.jar;C:\Users\ishuvir.singh\.m2\repository\org\apache\httpcomponents\httpmime\4.5.2\httpmime-4.5.2.jar;C:\Users\ishuvir.singh\.m2\repository\org\jsoup\jsoup\1.9.2\jsoup-1.9.2.jar;C:\Users\ishuvir.singh\.m2\repository\com\vimalselvam\cucumber-extentsreport\2.0.1\cucumber-extentsreport-2.0.1.jar;C:\Users\ishuvir.singh\.m2\repository\com\relevantcodes\extentreports\2.41.2\extentreports-2.41.2.jar;C:\Users\ishuvir.singh\.m2\repository\org\xerial\sqlite-jdbc\3.8.11.1\sqlite-jdbc-3.8.11.1.jar;C:\Users\ishuvir.singh\.m2\repository\info\cukes\cucumber-java\1.2.5\cucumber-java-1.2.5.jar;C:\Users\ishuvir.singh\.m2\repository\info\cukes\cucumber-picocontainer\1.2.5\cucumber-picocontainer-1.2.5.jar;C:\Users\ishuvir.singh\.m2\repository\info\cukes\cucumber-jvm-deps\1.0.5\cucumber-jvm-deps-1.0.5.jar;C:\Users\ishuvir.singh\.m2\repository\info\cukes\gherkin\2.12.2\gherkin-2.12.2.jar;C:\Users\ishuvir.singh\.m2\repository\org\picocontainer\picocontainer\2.15\picocontainer-2.15.jar;C:\Users\ishuvir.singh\.m2\repository\io\rest-assured\rest-assured\4.4.0\rest-assured-4.4.0.jar;C:\Users\ishuvir.singh\.m2\repository\org\codehaus\groovy\groovy\3.0.8\groovy-3.0.8.jar;C:\Users\ishuvir.singh\.m2\repository\org\codehaus\groovy\groovy-xml\3.0.8\groovy-xml-3.0.8.jar;C:\Users\ishuvir.singh\.m2\repository\org\hamcrest\hamcrest\2.1\hamcrest-2.1.jar;C:\Users\ishuvir.singh\.m2\repository\org\ccil\cowan\tagsoup\tagsoup\1.2.1\tagsoup-1.2.1.jar;C:\Users\ishuvir.singh\.m2\repository\io\rest-assured\json-path\4.4.0\json-path-4.4.0.jar;C:\Users\ishuvir.singh\.m2\repository\org\codehaus\groovy\groovy-json\3.0.8\groovy-json-3.0.8.jar;C:\Users\ishuvir.singh\.m2\repository\io\rest-assured\rest-assured-common\4.4.0\rest-assured-common-4.4.0.jar;C:\Users\ishuvir.singh\.m2\repository\io\rest-assured\xml-path\4.4.0\xml-path-4.4.0.jar;C:\Users\ishuvir.singh\.m2\repository\org\apache\commons\commons-lang3\3.11\commons-lang3-3.11.jar;C:\Users\ishuvir.singh\.m2\repository\jakarta\xml\bind\jakarta.xml.bind-api\2.3.3\jakarta.xml.bind-api-2.3.3.jar;C:\Users\ishuvir.singh\.m2\repository\jakarta\activation\jakarta.activation-api\1.2.2\jakarta.activation-api-1.2.2.jar;C:\Users\ishuvir.singh\.m2\repository\com\sun\xml\bind\jaxb-impl\2.3.3\jaxb-impl-2.3.3.jar;C:\Users\ishuvir.singh\.m2\repository\org\json\json\20210307\json-20210307.jar;C:\Users\ishuvir.singh\.m2\repository\log4j\log4j\1.2.17\log4j-1.2.17.jar;C:\Users\ishuvir.singh\.m2\repository\junit\junit\4.13.2\junit-4.13.2.jar;C:\Users\ishuvir.singh\.m2\repository\org\hamcrest\hamcrest-core\1.3\hamcrest-core-1.3.jar;"/>
    <property name="sun.cpu.endian" value="little"/>
    <property name="user.home" value="C:\Users\ishuvir.singh"/>
    <property name="user.language" value="en"/>
    <property name="java.specification.vendor" value="Oracle Corporation"/>
    <property name="java.home" value="C:\Program Files\Java\jdk1.8.0_171\jre"/>
    <property name="basedir" value="C:\Users\ishuvir.singh\eclipse-workspace\restassured-cucumber-assignment"/>
    <property name="file.separator" value="\"/>
    <property name="line.separator" value="&#10;"/>
    <property name="java.vm.specification.vendor" value="Oracle Corporation"/>
    <property name="java.specification.name" value="Java Platform API Specification"/>
    <property name="java.awt.graphicsenv" value="sun.awt.Win32GraphicsEnvironment"/>
    <property name="surefire.real.class.path" value="C:\Users\ishuvir.singh\AppData\Local\Temp\surefire480071750370846192\surefirebooter9020243762468263460.jar"/>
    <property name="sun.boot.class.path" value="C:\Program Files\Java\jdk1.8.0_171\jre\lib\resources.jar;C:\Program Files\Java\jdk1.8.0_171\jre\lib\rt.jar;C:\Program Files\Java\jdk1.8.0_171\jre\lib\sunrsasign.jar;C:\Program Files\Java\jdk1.8.0_171\jre\lib\jsse.jar;C:\Program Files\Java\jdk1.8.0_171\jre\lib\jce.jar;C:\Program Files\Java\jdk1.8.0_171\jre\lib\charsets.jar;C:\Program Files\Java\jdk1.8.0_171\jre\lib\jfr.jar;C:\Program Files\Java\jdk1.8.0_171\jre\classes"/>
    <property name="user.script" value=""/>
    <property name="sun.management.compiler" value="HotSpot 64-Bit Tiered Compilers"/>
    <property name="java.runtime.version" value="1.8.0_171-b11"/>
    <property name="user.name" value="ishuvir.singh"/>
    <property name="path.separator" value=";"/>
    <property name="os.version" value="10.0"/>
    <property name="java.endorsed.dirs" value="C:\Program Files\Java\jdk1.8.0_171\jre\lib\endorsed"/>
    <property name="java.runtime.name" value="Java(TM) SE Runtime Environment"/>
    <property name="file.encoding" value="Cp1252"/>
    <property name="java.vm.name" value="Java HotSpot(TM) 64-Bit Server VM"/>
    <property name="localRepository" value="C:\Users\ishuvir.singh\.m2\repository"/>
    <property name="java.vendor.url.bug" value="http://bugreport.sun.com/bugreport/"/>
    <property name="java.io.tmpdir" value="C:\Users\ISHUVI~1.SIN\AppData\Local\Temp\"/>
    <property name="java.version" value="1.8.0_171"/>
    <property name="user.dir" value="C:\Users\ishuvir.singh\eclipse-workspace\restassured-cucumber-assignment"/>
    <property name="os.arch" value="amd64"/>
    <property name="java.vm.specification.name" value="Java Virtual Machine Specification"/>
    <property name="java.awt.printerjob" value="sun.awt.windows.WPrinterJob"/>
    <property name="sun.os.patch.level" value=""/>
    <property name="java.library.path" value="C:\Program Files\Java\jdk1.8.0_171\jre\bin;C:\WINDOWS\Sun\Java\bin;C:\WINDOWS\system32;C:\WINDOWS;C:\Program Files\Common Files\Oracle\Java\javapath;C:\ProgramData\Oracle\Java\javapath;C:\Program Files (x86)\Common Files\Oracle\Java\javapath;C:\WINDOWS\system32;C:\WINDOWS;C:\WINDOWS\System32\Wbem;C:\WINDOWS\System32\WindowsPowerShell\v1.0\;C:\WINDOWS\System32\OpenSSH\;C:\Program Files\Wireshark;C:\Program Files (x86)\Intel\Intel(R) Management Engine Components\DAL;C:\Program Files\Intel\Intel(R) Management Engine Components\DAL;D:\apache-jmeter-5.4.1\bin;C:\Program Files\Java\jdk1.8.0_171\bin;D:\apache-maven-3.8.1\bin;C:\Users\ishuvir.singh\AppData\Local\Android\Sdk\build-tools\31.0.0;C:\Users\ishuvir.singh\AppData\Local\Android\Sdk\platform-tools;C:\Users\ishuvir.singh\AppData\Local\Android\Sdk\tools;C:\Program Files\Java\jdk1.8.0_171\bin;C:\Users\ishuvir.singh\AppData\Local\Microsoft\WindowsApps;;."/>
    <property name="java.vm.info" value="mixed mode"/>
    <property name="java.vendor" value="Oracle Corporation"/>
    <property name="java.vm.version" value="25.171-b11"/>
    <property name="java.ext.dirs" value="C:\Program Files\Java\jdk1.8.0_171\jre\lib\ext;C:\WINDOWS\Sun\Java\lib\ext"/>
    <property name="sun.io.unicode.encoding" value="UnicodeLittle"/>
    <property name="java.class.version" value="52.0"/>
  </properties>
  <testcase name="Given I created the GET request with ValidBinID" classname="Scenario: BinApi GET request with valid BinID" time="0.004"/>
  <testcase name="When I sent the Binrequest" classname="Scenario: BinApi GET request with valid BinID" time="0"/>
  <testcase name="Then I validate the response status is &apos;200&apos;" classname="Scenario: BinApi GET request with valid BinID" time="0">
    <system-out><![CDATA[2021-10-09 17:10:868 INFO  RequestStepDefs :76 -  response code 200
]]></system-out>
  </testcase>
  <testcase name="And I validate the Response ID with BinID" classname="Scenario: BinApi GET request with valid BinID" time="0">
    <system-out><![CDATA[2021-10-09 17:10:463 INFO  responseUtility :38 - Success code isnull
2021-10-09 17:10:480 INFO  responseUtility :41 - 616055b29548541c29c04911
2021-10-09 17:10:482 INFO  RequestStepDefs :82 - BINID for response: 616055b29548541c29c04911
2021-10-09 17:10:482 INFO  RequestStepDefs :84 - Correct response found for BinID 
2021-10-09 17:10:482 INFO  RequestStepDefs :85 - Status Line codeHTTP/1.1 200 OK
]]></system-out>
  </testcase>
  <testcase name="And I validate the Status line code" classname="Scenario: BinApi GET request with valid BinID" time="0">
    <system-out><![CDATA[2021-10-09 17:10:487 INFO  RequestStepDefs :99 - Status line code: HTTP/1.1 200 OK
]]></system-out>
  </testcase>
  <testcase name="" classname="Scenario: BinApi GET request with valid BinID" time="0.002"/>
  <testcase name="Given I created the GET request with ValidBinID" classname="Scenario: BinApi GET request with latest version of BinID" time="0.001"/>
  <testcase name="When I sent the request with latest route" classname="Scenario: BinApi GET request with latest version of BinID" time="0"/>
  <testcase name="Then I validate the response status is &apos;200&apos;" classname="Scenario: BinApi GET request with latest version of BinID" time="0">
    <system-out><![CDATA[2021-10-09 17:10:130 INFO  RequestStepDefs :76 -  response code 200
]]></system-out>
  </testcase>
  <testcase name="And I validate the Response ID with BinID" classname="Scenario: BinApi GET request with latest version of BinID" time="0">
    <system-out><![CDATA[2021-10-09 17:10:182 INFO  responseUtility :38 - Success code isnull
2021-10-09 17:10:214 INFO  responseUtility :41 - 616055b29548541c29c04911
2021-10-09 17:10:215 INFO  RequestStepDefs :82 - BINID for response: 616055b29548541c29c04911
2021-10-09 17:10:216 INFO  RequestStepDefs :84 - Correct response found for BinID 
2021-10-09 17:10:216 INFO  RequestStepDefs :85 - Status Line codeHTTP/1.1 200 OK
]]></system-out>
  </testcase>
  <testcase name="And I verify the creation date in response" classname="Scenario: BinApi GET request with latest version of BinID" time="0">
    <system-out><![CDATA[2021-10-09 17:10:247 INFO  RequestStepDefs :91 - BINID creation date for response: 2021-10-08T14:29:06.306Z
]]></system-out>
  </testcase>
  <testcase name="" classname="Scenario: BinApi GET request with latest version of BinID" time="0"/>
  <testcase name="Given I created the GET request with Invalid token" classname="Scenario: BinApi GET request with Invalid token for BinID request" time="0"/>
  <testcase name="When I sent the Binrequest" classname="Scenario: BinApi GET request with Invalid token for BinID request" time="0"/>
  <testcase name="Then I validate the response status is &apos;401&apos;" classname="Scenario: BinApi GET request with Invalid token for BinID request" time="0">
    <system-out><![CDATA[2021-10-09 17:10:950 INFO  RequestStepDefs :76 -  response code 401
]]></system-out>
  </testcase>
  <testcase name="And I validate the Error message" classname="Scenario: BinApi GET request with Invalid token for BinID request" time="0">
    <system-out><![CDATA[2021-10-09 17:10:955 INFO  RequestStepDefs :105 - {"message":"X-Master-Key is invalid or the bin doesn't belong to your account"}
]]></system-out>
  </testcase>
  <testcase name="" classname="Scenario: BinApi GET request with Invalid token for BinID request" time="0"/>
  <testcase name="Given I created the GET request with X-Bin-Meta Header as &quot;true&quot;" classname="| &quot;true&quot; |" time="0"/>
  <testcase name="When I sent the request with latest route" classname="| &quot;true&quot; |" time="0.001"/>
  <testcase name="Then I validate the response status is &apos;200&apos;" classname="| &quot;true&quot; |" time="0">
    <system-out><![CDATA[2021-10-09 17:10:456 INFO  RequestStepDefs :76 -  response code 200
]]></system-out>
  </testcase>
  <testcase name="And I verified the response body for metadata header &quot;true&quot;" classname="| &quot;true&quot; |" time="0">
    <system-out><![CDATA[2021-10-09 17:10:460 INFO  RequestStepDefs :127 - Response body :{"record":{"sample":"<Hello World>"},"metadata":{"id":"616055b29548541c29c04911","private":true,"createdAt":"2021-10-08T14:29:06.306Z"}}
2021-10-09 17:10:462 INFO  RequestStepDefs :131 - Response body include metadata
]]></system-out>
  </testcase>
  <testcase name="" classname="| &quot;true&quot; |" time="0"/>
  <testcase name="Given I created the GET request with X-Bin-Meta Header as &quot;false&quot;" classname="| &quot;false&quot; |" time="0"/>
  <testcase name="When I sent the request with latest route" classname="| &quot;false&quot; |" time="0.001"/>
  <testcase name="Then I validate the response status is &apos;200&apos;" classname="| &quot;false&quot; |" time="0">
    <system-out><![CDATA[2021-10-09 17:10:74 INFO  RequestStepDefs :76 -  response code 200
]]></system-out>
  </testcase>
  <testcase name="And I verified the response body for metadata header &quot;false&quot;" classname="| &quot;false&quot; |" time="0">
    <system-out><![CDATA[2021-10-09 17:10:78 INFO  RequestStepDefs :127 - Response body :{"sample":"<Hello World>"}
2021-10-09 17:10:79 INFO  RequestStepDefs :146 - Response body doesnt include metadata
]]></system-out>
  </testcase>
  <testcase name="" classname="| &quot;false&quot; |" time="0"/>
</testsuite>